2023-03-09 14:56:25,655 INFO o.a.j.u.JMeterUtils: Setting Locale to en_EN
2023-03-09 14:56:25,700 INFO o.a.j.JMeter: Loading user properties from: user.properties
2023-03-09 14:56:25,701 INFO o.a.j.JMeter: Loading system properties from: system.properties
2023-03-09 14:56:25,710 INFO o.a.j.JMeter: Copyright (c) 1998-2022 The Apache Software Foundation
2023-03-09 14:56:25,711 INFO o.a.j.JMeter: Version 5.5
2023-03-09 14:56:25,711 INFO o.a.j.JMeter: java.version=11.0.18
2023-03-09 14:56:25,711 INFO o.a.j.JMeter: java.vm.name=OpenJDK 64-Bit Server VM
2023-03-09 14:56:25,711 INFO o.a.j.JMeter: os.name=Linux
2023-03-09 14:56:25,711 INFO o.a.j.JMeter: os.arch=amd64
2023-03-09 14:56:25,711 INFO o.a.j.JMeter: os.version=5.19.0-35-generic
2023-03-09 14:56:25,711 INFO o.a.j.JMeter: file.encoding=UTF-8
2023-03-09 14:56:25,712 INFO o.a.j.JMeter: java.awt.headless=null
2023-03-09 14:56:25,712 INFO o.a.j.JMeter: Max memory     =1073741824
2023-03-09 14:56:25,712 INFO o.a.j.JMeter: Available Processors =8
2023-03-09 14:56:25,727 INFO o.a.j.JMeter: Default Locale=English (EN)
2023-03-09 14:56:25,727 INFO o.a.j.JMeter: JMeter  Locale=English (EN)
2023-03-09 14:56:25,727 INFO o.a.j.JMeter: JMeterHome=/home/oleksii/Desktop/apache-jmeter-5.5
2023-03-09 14:56:25,728 INFO o.a.j.JMeter: user.dir  =/home/oleksii/Desktop/apache-jmeter-5.5/bin
2023-03-09 14:56:25,728 INFO o.a.j.JMeter: PWD       =/home/oleksii/Desktop/apache-jmeter-5.5/bin
2023-03-09 14:56:25,728 INFO o.a.j.JMeter: IP: 127.0.1.1 Name: oleksii-Lenovo-IdeaPad-S340-14API FullName: oleksii-Lenovo-IdeaPad-S340-14API
2023-03-09 14:56:25,744 INFO o.a.j.JMeter: Loaded icon properties from org/apache/jmeter/images/icon.properties
2023-03-09 14:56:26,241 INFO o.a.j.JMeterGuiLauncher: Setting LAF to: laf:javax.swing.plaf.metal.MetalLookAndFeel
2023-03-09 14:56:29,026 INFO o.j.r.JARSourceHTTP: Requesting https://jmeter-plugins.org/repo/?installID=linux-c1af18a01a607878416a25ef4a621e47-gui
2023-03-09 14:56:31,824 INFO o.j.r.PluginManager: Plugins Status: [jpgc-plugins-manager=1.9, bzm-random-csv=0.8, jmeter-core=5.5, jmeter-ftp=5.5, jmeter-http=5.5, jmeter-jdbc=5.5, jmeter-jms=5.5, jmeter-junit=5.5, jmeter-java=5.5, jmeter-ldap=5.5, jmeter-mail=5.5, jmeter-mongodb=5.5, jmeter-native=5.5, jmeter-tcp=5.5, jmeter-components=5.5]
2023-03-09 14:57:02,189 INFO o.a.j.s.FileServer: Default base='/home/oleksii/Desktop/apache-jmeter-5.5/bin'
2023-03-09 14:57:02,196 INFO o.a.j.g.a.Load: Loading file: /home/oleksii/Рабочий стол/Jmeter/apache-jmeter-5.5/bin/Fixed_Backend_performance_testing_task.jmx
2023-03-09 14:57:02,197 INFO o.a.j.s.FileServer: Set new base='/home/oleksii/Рабочий стол/Jmeter/apache-jmeter-5.5/bin'
2023-03-09 14:57:02,466 INFO o.a.j.s.SaveService: Testplan (JMX) version: 2.2. Testlog (JTL) version: 2.2
2023-03-09 14:57:02,515 INFO o.a.j.s.SaveService: Using SaveService properties version 5.0
2023-03-09 14:57:02,518 INFO o.a.j.s.SaveService: Using SaveService properties file encoding UTF-8
2023-03-09 14:57:02,521 INFO o.a.j.s.SaveService: Loading file: /home/oleksii/Рабочий стол/Jmeter/apache-jmeter-5.5/bin/Fixed_Backend_performance_testing_task.jmx
2023-03-09 14:57:02,525 WARN o.j.r.p.TestPlanAnalyzer: Failed read jmx file
java.io.FileNotFoundException: /home/oleksii/Рабочий стол/Jmeter/apache-jmeter-5.5/bin/Fixed_Backend_performance_testing_task.jmx (No such file or directory)
	at java.io.FileInputStream.open0(Native Method) ~[?:?]
	at java.io.FileInputStream.open(FileInputStream.java:219) ~[?:?]
	at java.io.FileInputStream.<init>(FileInputStream.java:157) ~[?:?]
	at org.jmeterplugins.repository.plugins.TestPlanAnalyzer.readBytesFromFile(TestPlanAnalyzer.java:68) ~[jmeter-plugins-manager-1.9.jar:?]
	at org.jmeterplugins.repository.plugins.TestPlanAnalyzer.getNodeListWithClassNames(TestPlanAnalyzer.java:111) ~[jmeter-plugins-manager-1.9.jar:?]
	at org.jmeterplugins.repository.plugins.TestPlanAnalyzer.analyze(TestPlanAnalyzer.java:37) ~[jmeter-plugins-manager-1.9.jar:?]
	at org.jmeterplugins.repository.plugins.PluginSuggester.analyzeTestPlan(PluginSuggester.java:51) ~[jmeter-plugins-manager-1.9.jar:?]
	at org.jmeterplugins.repository.plugins.PluginSuggester.findPluginsToInstall(PluginSuggester.java:44) ~[jmeter-plugins-manager-1.9.jar:?]
	at org.jmeterplugins.repository.plugins.PluginSuggester.checkAndSuggest(PluginSuggester.java:28) ~[jmeter-plugins-manager-1.9.jar:?]
	at org.jmeterplugins.repository.logging.LoggerAppender.append(LoggerAppender.java:33) ~[jmeter-plugins-manager-1.9.jar:?]
	at org.apache.logging.log4j.core.config.AppenderControl.tryCallAppender(AppenderControl.java:161) ~[log4j-core-2.17.2.jar:2.17.2]
	at org.apache.logging.log4j.core.config.AppenderControl.callAppender0(AppenderControl.java:134) ~[log4j-core-2.17.2.jar:2.17.2]
	at org.apache.logging.log4j.core.config.AppenderControl.callAppenderPreventRecursion(AppenderControl.java:125) ~[log4j-core-2.17.2.jar:2.17.2]
	at org.apache.logging.log4j.core.config.AppenderControl.callAppender(AppenderControl.java:89) ~[log4j-core-2.17.2.jar:2.17.2]
	at org.apache.logging.log4j.core.config.LoggerConfig.callAppenders(LoggerConfig.java:675) ~[log4j-core-2.17.2.jar:2.17.2]
	at org.apache.logging.log4j.core.config.LoggerConfig.processLogEvent(LoggerConfig.java:633) ~[log4j-core-2.17.2.jar:2.17.2]
	at org.apache.logging.log4j.core.config.LoggerConfig.log(LoggerConfig.java:616) ~[log4j-core-2.17.2.jar:2.17.2]
	at org.apache.logging.log4j.core.config.LoggerConfig.log(LoggerConfig.java:552) ~[log4j-core-2.17.2.jar:2.17.2]
	at org.apache.logging.log4j.core.config.AwaitCompletionReliabilityStrategy.log(AwaitCompletionReliabilityStrategy.java:82) ~[log4j-core-2.17.2.jar:2.17.2]
	at org.apache.logging.log4j.core.Logger.log(Logger.java:161) ~[log4j-core-2.17.2.jar:2.17.2]
	at org.apache.logging.log4j.spi.AbstractLogger.tryLogMessage(AbstractLogger.java:2205) ~[log4j-api-2.17.2.jar:2.17.2]
	at org.apache.logging.log4j.spi.AbstractLogger.logMessageTrackRecursion(AbstractLogger.java:2159) ~[log4j-api-2.17.2.jar:2.17.2]
	at org.apache.logging.log4j.spi.AbstractLogger.logMessageSafely(AbstractLogger.java:2142) ~[log4j-api-2.17.2.jar:2.17.2]
	at org.apache.logging.log4j.spi.AbstractLogger.logMessage(AbstractLogger.java:2034) ~[log4j-api-2.17.2.jar:2.17.2]
	at org.apache.logging.log4j.spi.AbstractLogger.logIfEnabled(AbstractLogger.java:1899) ~[log4j-api-2.17.2.jar:2.17.2]
	at org.apache.logging.slf4j.Log4jLogger.info(Log4jLogger.java:184) ~[log4j-slf4j-impl-2.17.2.jar:2.17.2]
	at org.apache.jmeter.save.SaveService.loadTree(SaveService.java:425) ~[ApacheJMeter_core.jar:5.5]
	at org.apache.jmeter.gui.action.Load.loadProjectFile(Load.java:129) ~[ApacheJMeter_core.jar:5.5]
	at org.apache.jmeter.gui.action.Load.loadProjectFile(Load.java:101) ~[ApacheJMeter_core.jar:5.5]
	at org.apache.jmeter.gui.action.LoadRecentProject.doActionAfterCheck(LoadRecentProject.java:71) ~[ApacheJMeter_core.jar:5.5]
	at org.apache.jmeter.gui.action.AbstractActionWithNoRunningTest.doAction(AbstractActionWithNoRunningTest.java:44) ~[ApacheJMeter_core.jar:5.5]
	at org.apache.jmeter.gui.action.ActionRouter.performAction(ActionRouter.java:87) ~[ApacheJMeter_core.jar:5.5]
	at org.apache.jmeter.gui.action.ActionRouter.lambda$actionPerformed$0(ActionRouter.java:69) ~[ApacheJMeter_core.jar:5.5]
	at java.awt.event.InvocationEvent.dispatch(InvocationEvent.java:313) ~[?:?]
	at java.awt.EventQueue.dispatchEventImpl(EventQueue.java:770) ~[?:?]
	at java.awt.EventQueue$4.run(EventQueue.java:721) ~[?:?]
	at java.awt.EventQueue$4.run(EventQueue.java:715) ~[?:?]
	at java.security.AccessController.doPrivileged(Native Method) ~[?:?]
	at java.security.ProtectionDomain$JavaSecurityAccessImpl.doIntersectionPrivilege(ProtectionDomain.java:85) ~[?:?]
	at java.awt.EventQueue.dispatchEvent(EventQueue.java:740) ~[?:?]
	at java.awt.EventDispatchThread.pumpOneEventForFilters(EventDispatchThread.java:203) ~[?:?]
	at java.awt.EventDispatchThread.pumpEventsForFilter(EventDispatchThread.java:124) ~[?:?]
	at java.awt.EventDispatchThread.pumpEventsForHierarchy(EventDispatchThread.java:113) ~[?:?]
	at java.awt.EventDispatchThread.pumpEvents(EventDispatchThread.java:109) ~[?:?]
	at java.awt.EventDispatchThread.pumpEvents(EventDispatchThread.java:101) ~[?:?]
	at java.awt.EventDispatchThread.run(EventDispatchThread.java:90) ~[?:?]
2023-03-09 14:57:02,546 WARN o.j.r.p.TestPlanAnalyzer: Cannot parse file: /home/oleksii/Рабочий стол/Jmeter/apache-jmeter-5.5/bin/Fixed_Backend_performance_testing_task.jmx
org.xml.sax.SAXParseException: Premature end of file.
	at org.apache.xerces.parsers.DOMParser.parse(Unknown Source) ~[xercesImpl-2.12.2.jar:?]
	at org.apache.xerces.jaxp.DocumentBuilderImpl.parse(Unknown Source) ~[xercesImpl-2.12.2.jar:?]
	at javax.xml.parsers.DocumentBuilder.parse(DocumentBuilder.java:122) ~[?:?]
	at org.jmeterplugins.repository.plugins.TestPlanAnalyzer.getNodeListWithClassNames(TestPlanAnalyzer.java:112) ~[jmeter-plugins-manager-1.9.jar:?]
	at org.jmeterplugins.repository.plugins.TestPlanAnalyzer.analyze(TestPlanAnalyzer.java:37) ~[jmeter-plugins-manager-1.9.jar:?]
	at org.jmeterplugins.repository.plugins.PluginSuggester.analyzeTestPlan(PluginSuggester.java:51) ~[jmeter-plugins-manager-1.9.jar:?]
	at org.jmeterplugins.repository.plugins.PluginSuggester.findPluginsToInstall(PluginSuggester.java:44) ~[jmeter-plugins-manager-1.9.jar:?]
	at org.jmeterplugins.repository.plugins.PluginSuggester.checkAndSuggest(PluginSuggester.java:28) ~[jmeter-plugins-manager-1.9.jar:?]
	at org.jmeterplugins.repository.logging.LoggerAppender.append(LoggerAppender.java:33) ~[jmeter-plugins-manager-1.9.jar:?]
	at org.apache.logging.log4j.core.config.AppenderControl.tryCallAppender(AppenderControl.java:161) ~[log4j-core-2.17.2.jar:2.17.2]
	at org.apache.logging.log4j.core.config.AppenderControl.callAppender0(AppenderControl.java:134) ~[log4j-core-2.17.2.jar:2.17.2]
	at org.apache.logging.log4j.core.config.AppenderControl.callAppenderPreventRecursion(AppenderControl.java:125) ~[log4j-core-2.17.2.jar:2.17.2]
	at org.apache.logging.log4j.core.config.AppenderControl.callAppender(AppenderControl.java:89) ~[log4j-core-2.17.2.jar:2.17.2]
	at org.apache.logging.log4j.core.config.LoggerConfig.callAppenders(LoggerConfig.java:675) ~[log4j-core-2.17.2.jar:2.17.2]
	at org.apache.logging.log4j.core.config.LoggerConfig.processLogEvent(LoggerConfig.java:633) ~[log4j-core-2.17.2.jar:2.17.2]
	at org.apache.logging.log4j.core.config.LoggerConfig.log(LoggerConfig.java:616) ~[log4j-core-2.17.2.jar:2.17.2]
	at org.apache.logging.log4j.core.config.LoggerConfig.log(LoggerConfig.java:552) ~[log4j-core-2.17.2.jar:2.17.2]
	at org.apache.logging.log4j.core.config.AwaitCompletionReliabilityStrategy.log(AwaitCompletionReliabilityStrategy.java:82) ~[log4j-core-2.17.2.jar:2.17.2]
	at org.apache.logging.log4j.core.Logger.log(Logger.java:161) ~[log4j-core-2.17.2.jar:2.17.2]
	at org.apache.logging.log4j.spi.AbstractLogger.tryLogMessage(AbstractLogger.java:2205) ~[log4j-api-2.17.2.jar:2.17.2]
	at org.apache.logging.log4j.spi.AbstractLogger.logMessageTrackRecursion(AbstractLogger.java:2159) ~[log4j-api-2.17.2.jar:2.17.2]
	at org.apache.logging.log4j.spi.AbstractLogger.logMessageSafely(AbstractLogger.java:2142) ~[log4j-api-2.17.2.jar:2.17.2]
	at org.apache.logging.log4j.spi.AbstractLogger.logMessage(AbstractLogger.java:2034) ~[log4j-api-2.17.2.jar:2.17.2]
	at org.apache.logging.log4j.spi.AbstractLogger.logIfEnabled(AbstractLogger.java:1899) ~[log4j-api-2.17.2.jar:2.17.2]
	at org.apache.logging.slf4j.Log4jLogger.info(Log4jLogger.java:184) ~[log4j-slf4j-impl-2.17.2.jar:2.17.2]
	at org.apache.jmeter.save.SaveService.loadTree(SaveService.java:425) ~[ApacheJMeter_core.jar:5.5]
	at org.apache.jmeter.gui.action.Load.loadProjectFile(Load.java:129) ~[ApacheJMeter_core.jar:5.5]
	at org.apache.jmeter.gui.action.Load.loadProjectFile(Load.java:101) ~[ApacheJMeter_core.jar:5.5]
	at org.apache.jmeter.gui.action.LoadRecentProject.doActionAfterCheck(LoadRecentProject.java:71) ~[ApacheJMeter_core.jar:5.5]
	at org.apache.jmeter.gui.action.AbstractActionWithNoRunningTest.doAction(AbstractActionWithNoRunningTest.java:44) ~[ApacheJMeter_core.jar:5.5]
	at org.apache.jmeter.gui.action.ActionRouter.performAction(ActionRouter.java:87) ~[ApacheJMeter_core.jar:5.5]
	at org.apache.jmeter.gui.action.ActionRouter.lambda$actionPerformed$0(ActionRouter.java:69) ~[ApacheJMeter_core.jar:5.5]
	at java.awt.event.InvocationEvent.dispatch(InvocationEvent.java:313) ~[?:?]
	at java.awt.EventQueue.dispatchEventImpl(EventQueue.java:770) ~[?:?]
	at java.awt.EventQueue$4.run(EventQueue.java:721) ~[?:?]
	at java.awt.EventQueue$4.run(EventQueue.java:715) ~[?:?]
	at java.security.AccessController.doPrivileged(Native Method) ~[?:?]
	at java.security.ProtectionDomain$JavaSecurityAccessImpl.doIntersectionPrivilege(ProtectionDomain.java:85) ~[?:?]
	at java.awt.EventQueue.dispatchEvent(EventQueue.java:740) ~[?:?]
	at java.awt.EventDispatchThread.pumpOneEventForFilters(EventDispatchThread.java:203) ~[?:?]
	at java.awt.EventDispatchThread.pumpEventsForFilter(EventDispatchThread.java:124) ~[?:?]
	at java.awt.EventDispatchThread.pumpEventsForHierarchy(EventDispatchThread.java:113) ~[?:?]
	at java.awt.EventDispatchThread.pumpEvents(EventDispatchThread.java:109) ~[?:?]
	at java.awt.EventDispatchThread.pumpEvents(EventDispatchThread.java:101) ~[?:?]
	at java.awt.EventDispatchThread.run(EventDispatchThread.java:90) ~[?:?]
2023-03-09 14:57:02,549 WARN o.a.j.g.a.Load: Error reading file. java.io.FileNotFoundException: /home/oleksii/Рабочий стол/Jmeter/apache-jmeter-5.5/bin/Fixed_Backend_performance_testing_task.jmx (No such file or directory)
2023-03-09 14:57:02,549 ERROR o.a.j.u.JMeterUtils: /home/oleksii/Рабочий стол/Jmeter/apache-jmeter-5.5/bin/Fixed_Backend_performance_testing_task.jmx (No such file or directory)
2023-03-09 14:57:13,832 INFO o.a.j.g.a.Load: Loading file: /home/oleksii/Desktop/apache-jmeter-5.5/bin/Fixed_Backend_performance_testing_task.jmx
2023-03-09 14:57:13,833 INFO o.a.j.s.FileServer: Set new base='/home/oleksii/Desktop/apache-jmeter-5.5/bin'
2023-03-09 14:57:13,833 INFO o.a.j.s.SaveService: Loading file: /home/oleksii/Desktop/apache-jmeter-5.5/bin/Fixed_Backend_performance_testing_task.jmx
2023-03-09 14:57:14,180 INFO o.a.j.p.h.s.HTTPSamplerBase: Parser for text/html is org.apache.jmeter.protocol.http.parser.LagartoBasedHtmlParser
2023-03-09 14:57:14,181 INFO o.a.j.p.h.s.HTTPSamplerBase: Parser for application/xhtml+xml is org.apache.jmeter.protocol.http.parser.LagartoBasedHtmlParser
2023-03-09 14:57:14,181 INFO o.a.j.p.h.s.HTTPSamplerBase: Parser for application/xml is org.apache.jmeter.protocol.http.parser.LagartoBasedHtmlParser
2023-03-09 14:57:14,181 INFO o.a.j.p.h.s.HTTPSamplerBase: Parser for text/xml is org.apache.jmeter.protocol.http.parser.LagartoBasedHtmlParser
2023-03-09 14:57:14,181 INFO o.a.j.p.h.s.HTTPSamplerBase: Parser for text/vnd.wap.wml is org.apache.jmeter.protocol.http.parser.RegexpHTMLParser
2023-03-09 14:57:14,181 INFO o.a.j.p.h.s.HTTPSamplerBase: Parser for text/css is org.apache.jmeter.protocol.http.parser.CssParser
2023-03-09 14:57:14,585 INFO o.a.j.s.SampleResult: Note: Sample TimeStamps are START times
2023-03-09 14:57:14,585 INFO o.a.j.s.SampleResult: sampleresult.default.encoding is set to ISO-8859-1
2023-03-09 14:57:14,585 INFO o.a.j.s.SampleResult: sampleresult.useNanoTime=true
2023-03-09 14:57:14,586 INFO o.a.j.s.SampleResult: sampleresult.nanoThreadSleep=5000
2023-03-09 14:57:14,886 INFO o.a.j.v.ViewResultsFullVisualizer: Add JavaFX to your Java installation if you want to use renderer: org.apache.jmeter.visualizers.RenderInBrowser
2023-03-09 14:57:14,977 INFO o.a.j.s.FileServer: Set new base='/home/oleksii/Desktop/apache-jmeter-5.5/bin'
2023-03-09 14:57:42,712 INFO o.a.j.e.u.CompoundVariable: Note: Function class names must contain the string: '.functions.'
2023-03-09 14:57:42,712 INFO o.a.j.e.u.CompoundVariable: Note: Function class names must not contain the string: '.gui.'
2023-03-09 14:57:43,128 INFO c.b.c.RandomCSVReader: Start reading the file: /home/oleksii/Desktop/apache-jmeter-5.5/bin/chairTypes.csv
2023-03-09 14:57:43,142 INFO c.b.c.RandomCSVReader: Reading finished. Found 3 records in your csv file
2023-03-09 14:57:55,373 INFO o.a.j.e.StandardJMeterEngine: Running the test!
2023-03-09 14:57:55,376 INFO o.a.j.s.SampleEvent: List of sample_variables: []
2023-03-09 14:57:55,376 INFO o.a.j.s.SampleEvent: List of sample_variables: []
2023-03-09 14:57:55,387 INFO c.b.c.RandomCSVReader: Start reading the file: /home/oleksii/Desktop/apache-jmeter-5.5/bin/chairTypes.csv
2023-03-09 14:57:55,388 INFO c.b.c.RandomCSVReader: Reading finished. Found 3 records in your csv file
2023-03-09 14:57:55,390 INFO o.a.j.g.u.JMeterMenuBar: setRunning(true, *local*)
2023-03-09 14:57:55,481 INFO o.a.j.e.StandardJMeterEngine: Starting ThreadGroup: 1 : Thread Group
2023-03-09 14:57:55,482 INFO o.a.j.e.StandardJMeterEngine: Starting 100 threads for group Thread Group.
2023-03-09 14:57:55,482 INFO o.a.j.e.StandardJMeterEngine: Thread will continue on error
2023-03-09 14:57:55,482 INFO o.a.j.t.ThreadGroup: Starting thread group... number=1 threads=100 ramp-up=15 delayedStart=false
2023-03-09 14:57:55,497 INFO o.a.j.t.JMeterThread: Thread started: Thread Group 1-1
2023-03-09 14:57:55,632 INFO o.a.j.t.ThreadGroup: Started thread group number 1
2023-03-09 14:57:55,633 INFO o.a.j.e.StandardJMeterEngine: All thread groups have been started
2023-03-09 14:57:55,641 INFO o.a.j.t.JMeterThread: Thread started: Thread Group 1-2
2023-03-09 14:57:55,739 INFO o.a.j.p.h.s.HTTPHCAbstractImpl: Local host = oleksii-Lenovo-IdeaPad-S340-14API
2023-03-09 14:57:55,751 INFO o.a.j.p.h.s.HTTPHC4Impl: HTTP request retry count = 0
2023-03-09 14:57:55,791 INFO o.a.j.t.JMeterThread: Thread started: Thread Group 1-3
2023-03-09 14:57:55,937 INFO o.a.j.t.JMeterThread: Thread started: Thread Group 1-4
2023-03-09 14:57:56,087 INFO o.a.j.t.JMeterThread: Thread started: Thread Group 1-5
2023-03-09 14:57:56,236 INFO o.a.j.t.JMeterThread: Thread started: Thread Group 1-6
2023-03-09 14:57:56,387 INFO o.a.j.t.JMeterThread: Thread started: Thread Group 1-7
2023-03-09 14:57:56,536 INFO o.a.j.t.JMeterThread: Thread started: Thread Group 1-8
2023-03-09 14:57:56,688 INFO o.a.j.t.JMeterThread: Thread started: Thread Group 1-9
2023-03-09 14:57:56,837 INFO o.a.j.t.JMeterThread: Thread started: Thread Group 1-10
2023-03-09 14:57:56,989 INFO o.a.j.t.JMeterThread: Thread started: Thread Group 1-11
2023-03-09 14:57:57,136 INFO o.a.j.t.JMeterThread: Thread started: Thread Group 1-12
2023-03-09 14:57:57,287 INFO o.a.j.t.JMeterThread: Thread started: Thread Group 1-13
2023-03-09 14:57:57,437 INFO o.a.j.t.JMeterThread: Thread started: Thread Group 1-14
2023-03-09 14:57:57,586 INFO o.a.j.t.JMeterThread: Thread started: Thread Group 1-15
2023-03-09 14:57:57,716 INFO o.a.j.t.JMeterThread: Thread is done: Thread Group 1-3
2023-03-09 14:57:57,716 INFO o.a.j.t.JMeterThread: Thread finished: Thread Group 1-3
2023-03-09 14:57:57,736 INFO o.a.j.t.JMeterThread: Thread started: Thread Group 1-16
2023-03-09 14:57:57,887 INFO o.a.j.t.JMeterThread: Thread started: Thread Group 1-17
2023-03-09 14:57:58,036 INFO o.a.j.t.JMeterThread: Thread started: Thread Group 1-18
2023-03-09 14:57:58,185 INFO o.a.j.t.JMeterThread: Thread started: Thread Group 1-19
2023-03-09 14:57:58,241 INFO o.a.j.t.JMeterThread: Thread is done: Thread Group 1-1
2023-03-09 14:57:58,242 INFO o.a.j.t.JMeterThread: Thread finished: Thread Group 1-1
2023-03-09 14:57:58,337 INFO o.a.j.t.JMeterThread: Thread started: Thread Group 1-20
2023-03-09 14:57:58,485 INFO o.a.j.t.JMeterThread: Thread started: Thread Group 1-21
2023-03-09 14:57:58,635 INFO o.a.j.t.JMeterThread: Thread started: Thread Group 1-22
2023-03-09 14:57:58,753 INFO o.a.j.t.JMeterThread: Thread is done: Thread Group 1-5
2023-03-09 14:57:58,753 INFO o.a.j.t.JMeterThread: Thread finished: Thread Group 1-5
2023-03-09 14:57:58,785 INFO o.a.j.t.JMeterThread: Thread started: Thread Group 1-23
2023-03-09 14:57:58,935 INFO o.a.j.t.JMeterThread: Thread started: Thread Group 1-24
2023-03-09 14:57:59,087 INFO o.a.j.t.JMeterThread: Thread started: Thread Group 1-25
2023-03-09 14:57:59,112 INFO o.a.j.t.JMeterThread: Thread is done: Thread Group 1-9
2023-03-09 14:57:59,113 INFO o.a.j.t.JMeterThread: Thread finished: Thread Group 1-9
2023-03-09 14:57:59,148 INFO o.a.j.t.JMeterThread: Thread is done: Thread Group 1-4
2023-03-09 14:57:59,148 INFO o.a.j.t.JMeterThread: Thread finished: Thread Group 1-4
2023-03-09 14:57:59,206 INFO o.a.j.t.JMeterThread: Thread is done: Thread Group 1-15
2023-03-09 14:57:59,207 INFO o.a.j.t.JMeterThread: Thread finished: Thread Group 1-15
2023-03-09 14:57:59,235 INFO o.a.j.t.JMeterThread: Thread started: Thread Group 1-26
2023-03-09 14:57:59,385 INFO o.a.j.t.JMeterThread: Thread started: Thread Group 1-27
2023-03-09 14:57:59,536 INFO o.a.j.t.JMeterThread: Thread started: Thread Group 1-28
2023-03-09 14:57:59,575 INFO o.a.j.t.JMeterThread: Thread is done: Thread Group 1-10
2023-03-09 14:57:59,576 INFO o.a.j.t.JMeterThread: Thread finished: Thread Group 1-10
2023-03-09 14:57:59,673 INFO o.a.j.t.JMeterThread: Thread is done: Thread Group 1-7
2023-03-09 14:57:59,674 INFO o.a.j.t.JMeterThread: Thread finished: Thread Group 1-7
2023-03-09 14:57:59,685 INFO o.a.j.t.JMeterThread: Thread started: Thread Group 1-29
2023-03-09 14:57:59,837 INFO o.a.j.t.JMeterThread: Thread started: Thread Group 1-30
2023-03-09 14:57:59,985 INFO o.a.j.t.JMeterThread: Thread started: Thread Group 1-31
2023-03-09 14:58:00,135 INFO o.a.j.t.JMeterThread: Thread started: Thread Group 1-32
2023-03-09 14:58:00,271 INFO o.a.j.t.JMeterThread: Thread is done: Thread Group 1-8
2023-03-09 14:58:00,271 INFO o.a.j.t.JMeterThread: Thread finished: Thread Group 1-8
2023-03-09 14:58:00,286 INFO o.a.j.t.JMeterThread: Thread started: Thread Group 1-33
2023-03-09 14:58:00,290 INFO o.a.j.t.JMeterThread: Thread is done: Thread Group 1-11
2023-03-09 14:58:00,290 INFO o.a.j.t.JMeterThread: Thread finished: Thread Group 1-11
2023-03-09 14:58:00,369 INFO o.a.j.t.JMeterThread: Thread is done: Thread Group 1-27
2023-03-09 14:58:00,369 INFO o.a.j.t.JMeterThread: Thread finished: Thread Group 1-27
2023-03-09 14:58:00,435 INFO o.a.j.t.JMeterThread: Thread started: Thread Group 1-34
2023-03-09 14:58:00,586 INFO o.a.j.t.JMeterThread: Thread started: Thread Group 1-35
2023-03-09 14:58:00,736 INFO o.a.j.t.JMeterThread: Thread started: Thread Group 1-36
2023-03-09 14:58:00,815 INFO o.a.j.t.JMeterThread: Thread is done: Thread Group 1-13
2023-03-09 14:58:00,815 INFO o.a.j.t.JMeterThread: Thread finished: Thread Group 1-13
2023-03-09 14:58:00,886 INFO o.a.j.t.JMeterThread: Thread started: Thread Group 1-37
2023-03-09 14:58:00,892 INFO o.a.j.t.JMeterThread: Thread is done: Thread Group 1-2
2023-03-09 14:58:00,892 INFO o.a.j.t.JMeterThread: Thread finished: Thread Group 1-2
2023-03-09 14:58:01,036 INFO o.a.j.t.JMeterThread: Thread started: Thread Group 1-38
2023-03-09 14:58:01,090 INFO o.a.j.t.JMeterThread: Thread is done: Thread Group 1-17
2023-03-09 14:58:01,091 INFO o.a.j.t.JMeterThread: Thread finished: Thread Group 1-17
2023-03-09 14:58:01,187 INFO o.a.j.t.JMeterThread: Thread started: Thread Group 1-39
2023-03-09 14:58:01,215 INFO o.a.j.t.JMeterThread: Thread is done: Thread Group 1-23
2023-03-09 14:58:01,215 INFO o.a.j.t.JMeterThread: Thread finished: Thread Group 1-23
2023-03-09 14:58:01,269 INFO o.a.j.t.JMeterThread: Thread is done: Thread Group 1-6
2023-03-09 14:58:01,269 INFO o.a.j.t.JMeterThread: Thread finished: Thread Group 1-6
2023-03-09 14:58:01,273 INFO o.a.j.t.JMeterThread: Thread is done: Thread Group 1-21
2023-03-09 14:58:01,273 INFO o.a.j.t.JMeterThread: Thread finished: Thread Group 1-21
2023-03-09 14:58:01,285 INFO o.a.j.t.JMeterThread: Thread is done: Thread Group 1-25
2023-03-09 14:58:01,286 INFO o.a.j.t.JMeterThread: Thread finished: Thread Group 1-25
2023-03-09 14:58:01,292 INFO o.a.j.t.JMeterThread: Thread is done: Thread Group 1-14
2023-03-09 14:58:01,293 INFO o.a.j.t.JMeterThread: Thread finished: Thread Group 1-14
2023-03-09 14:58:01,335 INFO o.a.j.t.JMeterThread: Thread started: Thread Group 1-40
2023-03-09 14:58:01,485 INFO o.a.j.t.JMeterThread: Thread started: Thread Group 1-41
2023-03-09 14:58:01,558 INFO o.a.j.t.JMeterThread: Thread is done: Thread Group 1-18
2023-03-09 14:58:01,558 INFO o.a.j.t.JMeterThread: Thread finished: Thread Group 1-18
2023-03-09 14:58:01,636 INFO o.a.j.t.JMeterThread: Thread started: Thread Group 1-42
2023-03-09 14:58:01,711 INFO o.a.j.t.JMeterThread: Thread is done: Thread Group 1-12
2023-03-09 14:58:01,711 INFO o.a.j.t.JMeterThread: Thread finished: Thread Group 1-12
2023-03-09 14:58:01,767 INFO o.a.j.t.JMeterThread: Thread is done: Thread Group 1-26
2023-03-09 14:58:01,767 INFO o.a.j.t.JMeterThread: Thread finished: Thread Group 1-26
2023-03-09 14:58:01,785 INFO o.a.j.t.JMeterThread: Thread started: Thread Group 1-43
2023-03-09 14:58:01,935 INFO o.a.j.t.JMeterThread: Thread started: Thread Group 1-44
2023-03-09 14:58:02,069 INFO o.a.j.t.JMeterThread: Thread is done: Thread Group 1-33
2023-03-09 14:58:02,069 INFO o.a.j.t.JMeterThread: Thread finished: Thread Group 1-33
2023-03-09 14:58:02,086 INFO o.a.j.t.JMeterThread: Thread started: Thread Group 1-45
2023-03-09 14:58:02,150 INFO o.a.j.t.JMeterThread: Thread is done: Thread Group 1-20
2023-03-09 14:58:02,150 INFO o.a.j.t.JMeterThread: Thread finished: Thread Group 1-20
2023-03-09 14:58:02,236 INFO o.a.j.t.JMeterThread: Thread started: Thread Group 1-46
2023-03-09 14:58:02,325 INFO o.a.j.t.JMeterThread: Thread is done: Thread Group 1-29
2023-03-09 14:58:02,326 INFO o.a.j.t.JMeterThread: Thread finished: Thread Group 1-29
2023-03-09 14:58:02,331 INFO o.a.j.t.JMeterThread: Thread is done: Thread Group 1-19
2023-03-09 14:58:02,331 INFO o.a.j.t.JMeterThread: Thread finished: Thread Group 1-19
2023-03-09 14:58:02,384 INFO o.a.j.t.JMeterThread: Thread started: Thread Group 1-47
2023-03-09 14:58:02,534 INFO o.a.j.t.JMeterThread: Thread started: Thread Group 1-48
2023-03-09 14:58:02,685 INFO o.a.j.t.JMeterThread: Thread started: Thread Group 1-49
2023-03-09 14:58:02,835 INFO o.a.j.t.JMeterThread: Thread started: Thread Group 1-50
2023-03-09 14:58:02,985 INFO o.a.j.t.JMeterThread: Thread started: Thread Group 1-51
2023-03-09 14:58:03,060 INFO o.a.j.t.JMeterThread: Thread is done: Thread Group 1-24
2023-03-09 14:58:03,060 INFO o.a.j.t.JMeterThread: Thread finished: Thread Group 1-24
2023-03-09 14:58:03,135 INFO o.a.j.t.JMeterThread: Thread started: Thread Group 1-52
2023-03-09 14:58:03,165 INFO o.a.j.t.JMeterThread: Thread is done: Thread Group 1-31
2023-03-09 14:58:03,165 INFO o.a.j.t.JMeterThread: Thread finished: Thread Group 1-31
2023-03-09 14:58:03,286 INFO o.a.j.t.JMeterThread: Thread started: Thread Group 1-53
2023-03-09 14:58:03,327 INFO o.a.j.t.JMeterThread: Thread is done: Thread Group 1-35
2023-03-09 14:58:03,327 INFO o.a.j.t.JMeterThread: Thread finished: Thread Group 1-35
2023-03-09 14:58:03,434 INFO o.a.j.t.JMeterThread: Thread started: Thread Group 1-54
2023-03-09 14:58:03,524 INFO o.a.j.t.JMeterThread: Thread is done: Thread Group 1-28
2023-03-09 14:58:03,524 INFO o.a.j.t.JMeterThread: Thread finished: Thread Group 1-28
2023-03-09 14:58:03,585 INFO o.a.j.t.JMeterThread: Thread started: Thread Group 1-55
2023-03-09 14:58:03,618 INFO o.a.j.t.JMeterThread: Thread is done: Thread Group 1-22
2023-03-09 14:58:03,619 INFO o.a.j.t.JMeterThread: Thread finished: Thread Group 1-22
2023-03-09 14:58:03,620 INFO o.a.j.t.JMeterThread: Thread is done: Thread Group 1-32
2023-03-09 14:58:03,620 INFO o.a.j.t.JMeterThread: Thread finished: Thread Group 1-32
2023-03-09 14:58:03,735 INFO o.a.j.t.JMeterThread: Thread started: Thread Group 1-56
2023-03-09 14:58:03,786 INFO o.a.j.t.JMeterThread: Thread is done: Thread Group 1-16
2023-03-09 14:58:03,786 INFO o.a.j.t.JMeterThread: Thread finished: Thread Group 1-16
2023-03-09 14:58:03,859 INFO o.a.j.t.JMeterThread: Thread is done: Thread Group 1-37
2023-03-09 14:58:03,860 INFO o.a.j.t.JMeterThread: Thread finished: Thread Group 1-37
2023-03-09 14:58:03,884 INFO o.a.j.t.JMeterThread: Thread started: Thread Group 1-57
2023-03-09 14:58:04,034 INFO o.a.j.t.JMeterThread: Thread started: Thread Group 1-58
2023-03-09 14:58:04,177 INFO o.a.j.t.JMeterThread: Thread is done: Thread Group 1-45
2023-03-09 14:58:04,178 INFO o.a.j.t.JMeterThread: Thread finished: Thread Group 1-45
2023-03-09 14:58:04,186 INFO o.a.j.t.JMeterThread: Thread started: Thread Group 1-59
2023-03-09 14:58:04,336 INFO o.a.j.t.JMeterThread: Thread started: Thread Group 1-60
2023-03-09 14:58:04,449 INFO o.a.j.t.JMeterThread: Thread is done: Thread Group 1-30
2023-03-09 14:58:04,449 INFO o.a.j.t.JMeterThread: Thread finished: Thread Group 1-30
2023-03-09 14:58:04,460 INFO o.a.j.t.JMeterThread: Thread is done: Thread Group 1-43
2023-03-09 14:58:04,460 INFO o.a.j.t.JMeterThread: Thread finished: Thread Group 1-43
2023-03-09 14:58:04,485 INFO o.a.j.t.JMeterThread: Thread started: Thread Group 1-61
2023-03-09 14:58:04,517 INFO o.a.j.t.JMeterThread: Thread is done: Thread Group 1-36
2023-03-09 14:58:04,517 INFO o.a.j.t.JMeterThread: Thread finished: Thread Group 1-36
2023-03-09 14:58:04,635 INFO o.a.j.t.JMeterThread: Thread started: Thread Group 1-62
2023-03-09 14:58:04,668 INFO o.a.j.t.JMeterThread: Thread is done: Thread Group 1-41
2023-03-09 14:58:04,669 INFO o.a.j.t.JMeterThread: Thread finished: Thread Group 1-41
2023-03-09 14:58:04,785 INFO o.a.j.t.JMeterThread: Thread started: Thread Group 1-63
2023-03-09 14:58:04,912 INFO o.a.j.t.JMeterThread: Thread is done: Thread Group 1-47
2023-03-09 14:58:04,912 INFO o.a.j.t.JMeterThread: Thread finished: Thread Group 1-47
2023-03-09 14:58:04,936 INFO o.a.j.t.JMeterThread: Thread started: Thread Group 1-64
2023-03-09 14:58:04,938 INFO o.a.j.t.JMeterThread: Thread is done: Thread Group 1-38
2023-03-09 14:58:04,938 INFO o.a.j.t.JMeterThread: Thread finished: Thread Group 1-38
2023-03-09 14:58:05,087 INFO o.a.j.t.JMeterThread: Thread started: Thread Group 1-65
2023-03-09 14:58:05,199 INFO o.a.j.t.JMeterThread: Thread is done: Thread Group 1-40
2023-03-09 14:58:05,200 INFO o.a.j.t.JMeterThread: Thread finished: Thread Group 1-40
2023-03-09 14:58:05,234 INFO o.a.j.t.JMeterThread: Thread started: Thread Group 1-66
2023-03-09 14:58:05,243 INFO o.a.j.t.JMeterThread: Thread is done: Thread Group 1-39
2023-03-09 14:58:05,243 INFO o.a.j.t.JMeterThread: Thread finished: Thread Group 1-39
2023-03-09 14:58:05,385 INFO o.a.j.t.JMeterThread: Thread started: Thread Group 1-67
2023-03-09 14:58:05,434 INFO o.a.j.t.JMeterThread: Thread is done: Thread Group 1-34
2023-03-09 14:58:05,434 INFO o.a.j.t.JMeterThread: Thread finished: Thread Group 1-34
2023-03-09 14:58:05,521 INFO o.a.j.t.JMeterThread: Thread is done: Thread Group 1-61
2023-03-09 14:58:05,521 INFO o.a.j.t.JMeterThread: Thread finished: Thread Group 1-61
2023-03-09 14:58:05,536 INFO o.a.j.t.JMeterThread: Thread started: Thread Group 1-68
2023-03-09 14:58:05,554 INFO o.a.j.t.JMeterThread: Thread is done: Thread Group 1-55
2023-03-09 14:58:05,554 INFO o.a.j.t.JMeterThread: Thread finished: Thread Group 1-55
2023-03-09 14:58:05,685 INFO o.a.j.t.JMeterThread: Thread started: Thread Group 1-69
2023-03-09 14:58:05,703 INFO o.a.j.t.JMeterThread: Thread is done: Thread Group 1-57
2023-03-09 14:58:05,703 INFO o.a.j.t.JMeterThread: Thread finished: Thread Group 1-57
2023-03-09 14:58:05,836 INFO o.a.j.t.JMeterThread: Thread started: Thread Group 1-70
2023-03-09 14:58:05,985 INFO o.a.j.t.JMeterThread: Thread started: Thread Group 1-71
2023-03-09 14:58:05,990 INFO o.a.j.t.JMeterThread: Thread is done: Thread Group 1-53
2023-03-09 14:58:05,990 INFO o.a.j.t.JMeterThread: Thread finished: Thread Group 1-53
2023-03-09 14:58:06,061 INFO o.a.j.t.JMeterThread: Thread is done: Thread Group 1-51
2023-03-09 14:58:06,061 INFO o.a.j.t.JMeterThread: Thread finished: Thread Group 1-51
2023-03-09 14:58:06,135 INFO o.a.j.t.JMeterThread: Thread started: Thread Group 1-72
2023-03-09 14:58:06,232 INFO o.a.j.t.JMeterThread: Thread is done: Thread Group 1-46
2023-03-09 14:58:06,232 INFO o.a.j.t.JMeterThread: Thread finished: Thread Group 1-46
2023-03-09 14:58:06,284 INFO o.a.j.t.JMeterThread: Thread started: Thread Group 1-73
2023-03-09 14:58:06,318 INFO o.a.j.t.JMeterThread: Thread is done: Thread Group 1-48
2023-03-09 14:58:06,319 INFO o.a.j.t.JMeterThread: Thread finished: Thread Group 1-48
2023-03-09 14:58:06,434 INFO o.a.j.t.JMeterThread: Thread started: Thread Group 1-74
2023-03-09 14:58:06,529 INFO o.a.j.t.JMeterThread: Thread is done: Thread Group 1-63
2023-03-09 14:58:06,530 INFO o.a.j.t.JMeterThread: Thread finished: Thread Group 1-63
2023-03-09 14:58:06,544 INFO o.a.j.t.JMeterThread: Thread is done: Thread Group 1-42
2023-03-09 14:58:06,544 INFO o.a.j.t.JMeterThread: Thread finished: Thread Group 1-42
2023-03-09 14:58:06,586 INFO o.a.j.t.JMeterThread: Thread started: Thread Group 1-75
2023-03-09 14:58:06,734 INFO o.a.j.t.JMeterThread: Thread started: Thread Group 1-76
2023-03-09 14:58:06,884 INFO o.a.j.t.JMeterThread: Thread started: Thread Group 1-77
2023-03-09 14:58:07,035 INFO o.a.j.t.JMeterThread: Thread started: Thread Group 1-78
2023-03-09 14:58:07,048 INFO o.a.j.t.JMeterThread: Thread is done: Thread Group 1-65
2023-03-09 14:58:07,048 INFO o.a.j.t.JMeterThread: Thread finished: Thread Group 1-65
2023-03-09 14:58:07,116 INFO o.a.j.t.JMeterThread: Thread is done: Thread Group 1-44
2023-03-09 14:58:07,116 INFO o.a.j.t.JMeterThread: Thread finished: Thread Group 1-44
2023-03-09 14:58:07,133 INFO o.a.j.t.JMeterThread: Thread is done: Thread Group 1-67
2023-03-09 14:58:07,134 INFO o.a.j.t.JMeterThread: Thread finished: Thread Group 1-67
2023-03-09 14:58:07,184 INFO o.a.j.t.JMeterThread: Thread started: Thread Group 1-79
2023-03-09 14:58:07,301 INFO o.a.j.t.JMeterThread: Thread is done: Thread Group 1-50
2023-03-09 14:58:07,302 INFO o.a.j.t.JMeterThread: Thread finished: Thread Group 1-50
2023-03-09 14:58:07,334 INFO o.a.j.t.JMeterThread: Thread started: Thread Group 1-80
2023-03-09 14:58:07,336 INFO o.a.j.t.JMeterThread: Thread is done: Thread Group 1-49
2023-03-09 14:58:07,337 INFO o.a.j.t.JMeterThread: Thread finished: Thread Group 1-49
2023-03-09 14:58:07,486 INFO o.a.j.t.JMeterThread: Thread started: Thread Group 1-81
2023-03-09 14:58:07,635 INFO o.a.j.t.JMeterThread: Thread started: Thread Group 1-82
2023-03-09 14:58:07,785 INFO o.a.j.t.JMeterThread: Thread started: Thread Group 1-83
2023-03-09 14:58:07,935 INFO o.a.j.t.JMeterThread: Thread started: Thread Group 1-84
2023-03-09 14:58:08,086 INFO o.a.j.t.JMeterThread: Thread started: Thread Group 1-85
2023-03-09 14:58:08,114 INFO o.a.j.t.JMeterThread: Thread is done: Thread Group 1-54
2023-03-09 14:58:08,115 INFO o.a.j.t.JMeterThread: Thread finished: Thread Group 1-54
2023-03-09 14:58:08,235 INFO o.a.j.t.JMeterThread: Thread started: Thread Group 1-86
2023-03-09 14:58:08,385 INFO o.a.j.t.JMeterThread: Thread started: Thread Group 1-87
2023-03-09 14:58:08,413 INFO o.a.j.t.JMeterThread: Thread is done: Thread Group 1-60
2023-03-09 14:58:08,413 INFO o.a.j.t.JMeterThread: Thread finished: Thread Group 1-60
2023-03-09 14:58:08,534 INFO o.a.j.t.JMeterThread: Thread started: Thread Group 1-88
2023-03-09 14:58:08,595 INFO o.a.j.t.JMeterThread: Thread is done: Thread Group 1-56
2023-03-09 14:58:08,595 INFO o.a.j.t.JMeterThread: Thread finished: Thread Group 1-56
2023-03-09 14:58:08,684 INFO o.a.j.t.JMeterThread: Thread started: Thread Group 1-89
2023-03-09 14:58:08,834 INFO o.a.j.t.JMeterThread: Thread started: Thread Group 1-90
2023-03-09 14:58:08,869 INFO o.a.j.t.JMeterThread: Thread is done: Thread Group 1-68
2023-03-09 14:58:08,870 INFO o.a.j.t.JMeterThread: Thread finished: Thread Group 1-68
2023-03-09 14:58:08,985 INFO o.a.j.t.JMeterThread: Thread started: Thread Group 1-91
2023-03-09 14:58:09,132 INFO o.a.j.t.JMeterThread: Thread is done: Thread Group 1-71
2023-03-09 14:58:09,132 INFO o.a.j.t.JMeterThread: Thread finished: Thread Group 1-71
2023-03-09 14:58:09,135 INFO o.a.j.t.JMeterThread: Thread started: Thread Group 1-92
2023-03-09 14:58:09,140 INFO o.a.j.t.JMeterThread: Thread is done: Thread Group 1-59
2023-03-09 14:58:09,141 INFO o.a.j.t.JMeterThread: Thread finished: Thread Group 1-59
2023-03-09 14:58:09,177 INFO o.a.j.t.JMeterThread: Thread is done: Thread Group 1-58
2023-03-09 14:58:09,178 INFO o.a.j.t.JMeterThread: Thread finished: Thread Group 1-58
2023-03-09 14:58:09,284 INFO o.a.j.t.JMeterThread: Thread started: Thread Group 1-93
2023-03-09 14:58:09,304 INFO o.a.j.t.JMeterThread: Thread is done: Thread Group 1-73
2023-03-09 14:58:09,304 INFO o.a.j.t.JMeterThread: Thread finished: Thread Group 1-73
2023-03-09 14:58:09,366 INFO o.a.j.t.JMeterThread: Thread is done: Thread Group 1-69
2023-03-09 14:58:09,366 INFO o.a.j.t.JMeterThread: Thread is done: Thread Group 1-75
2023-03-09 14:58:09,367 INFO o.a.j.t.JMeterThread: Thread finished: Thread Group 1-69
2023-03-09 14:58:09,367 INFO o.a.j.t.JMeterThread: Thread finished: Thread Group 1-75
2023-03-09 14:58:09,373 INFO o.a.j.t.JMeterThread: Thread is done: Thread Group 1-74
2023-03-09 14:58:09,373 INFO o.a.j.t.JMeterThread: Thread finished: Thread Group 1-74
2023-03-09 14:58:09,434 INFO o.a.j.t.JMeterThread: Thread started: Thread Group 1-94
2023-03-09 14:58:09,523 INFO o.a.j.t.JMeterThread: Thread is done: Thread Group 1-81
2023-03-09 14:58:09,523 INFO o.a.j.t.JMeterThread: Thread finished: Thread Group 1-81
2023-03-09 14:58:09,569 INFO o.a.j.t.JMeterThread: Thread is done: Thread Group 1-62
2023-03-09 14:58:09,570 INFO o.a.j.t.JMeterThread: Thread finished: Thread Group 1-62
2023-03-09 14:58:09,585 INFO o.a.j.t.JMeterThread: Thread started: Thread Group 1-95
2023-03-09 14:58:09,628 INFO o.a.j.t.JMeterThread: Thread is done: Thread Group 1-80
2023-03-09 14:58:09,628 INFO o.a.j.t.JMeterThread: Thread finished: Thread Group 1-80
2023-03-09 14:58:09,654 INFO o.a.j.t.JMeterThread: Thread is done: Thread Group 1-64
2023-03-09 14:58:09,654 INFO o.a.j.t.JMeterThread: Thread finished: Thread Group 1-64
2023-03-09 14:58:09,734 INFO o.a.j.t.JMeterThread: Thread started: Thread Group 1-96
2023-03-09 14:58:09,764 INFO o.a.j.t.JMeterThread: Thread is done: Thread Group 1-77
2023-03-09 14:58:09,764 INFO o.a.j.t.JMeterThread: Thread finished: Thread Group 1-77
2023-03-09 14:58:09,777 INFO o.a.j.t.JMeterThread: Thread is done: Thread Group 1-70
2023-03-09 14:58:09,777 INFO o.a.j.t.JMeterThread: Thread finished: Thread Group 1-70
2023-03-09 14:58:09,779 INFO o.a.j.t.JMeterThread: Thread is done: Thread Group 1-52
2023-03-09 14:58:09,779 INFO o.a.j.t.JMeterThread: Thread finished: Thread Group 1-52
2023-03-09 14:58:09,886 INFO o.a.j.t.JMeterThread: Thread started: Thread Group 1-97
2023-03-09 14:58:09,911 INFO o.a.j.t.JMeterThread: Thread is done: Thread Group 1-66
2023-03-09 14:58:09,911 INFO o.a.j.t.JMeterThread: Thread finished: Thread Group 1-66
2023-03-09 14:58:10,036 INFO o.a.j.t.JMeterThread: Thread started: Thread Group 1-98
2023-03-09 14:58:10,187 INFO o.a.j.t.JMeterThread: Thread started: Thread Group 1-99
2023-03-09 14:58:10,297 INFO o.a.j.t.JMeterThread: Thread is done: Thread Group 1-79
2023-03-09 14:58:10,297 INFO o.a.j.t.JMeterThread: Thread finished: Thread Group 1-79
2023-03-09 14:58:10,336 INFO o.a.j.t.JMeterThread: Thread started: Thread Group 1-100
2023-03-09 14:58:10,412 INFO o.a.j.t.JMeterThread: Thread is done: Thread Group 1-85
2023-03-09 14:58:10,412 INFO o.a.j.t.JMeterThread: Thread finished: Thread Group 1-85
2023-03-09 14:58:10,594 INFO o.a.j.t.JMeterThread: Thread is done: Thread Group 1-83
2023-03-09 14:58:10,594 INFO o.a.j.t.JMeterThread: Thread finished: Thread Group 1-83
2023-03-09 14:58:10,618 INFO o.a.j.t.JMeterThread: Thread is done: Thread Group 1-76
2023-03-09 14:58:10,619 INFO o.a.j.t.JMeterThread: Thread finished: Thread Group 1-76
2023-03-09 14:58:11,227 INFO o.a.j.t.JMeterThread: Thread is done: Thread Group 1-84
2023-03-09 14:58:11,228 INFO o.a.j.t.JMeterThread: Thread finished: Thread Group 1-84
2023-03-09 14:58:11,342 INFO o.a.j.t.JMeterThread: Thread is done: Thread Group 1-87
2023-03-09 14:58:11,342 INFO o.a.j.t.JMeterThread: Thread finished: Thread Group 1-87
2023-03-09 14:58:11,407 INFO o.a.j.t.JMeterThread: Thread is done: Thread Group 1-95
2023-03-09 14:58:11,407 INFO o.a.j.t.JMeterThread: Thread finished: Thread Group 1-95
2023-03-09 14:58:11,517 INFO o.a.j.t.JMeterThread: Thread is done: Thread Group 1-72
2023-03-09 14:58:11,517 INFO o.a.j.t.JMeterThread: Thread finished: Thread Group 1-72
2023-03-09 14:58:11,639 INFO o.a.j.t.JMeterThread: Thread is done: Thread Group 1-91
2023-03-09 14:58:11,640 INFO o.a.j.t.JMeterThread: Thread finished: Thread Group 1-91
2023-03-09 14:58:11,977 INFO o.a.j.t.JMeterThread: Thread is done: Thread Group 1-97
2023-03-09 14:58:11,977 INFO o.a.j.t.JMeterThread: Thread finished: Thread Group 1-97
2023-03-09 14:58:12,036 INFO o.a.j.t.JMeterThread: Thread is done: Thread Group 1-93
2023-03-09 14:58:12,036 INFO o.a.j.t.JMeterThread: Thread finished: Thread Group 1-93
2023-03-09 14:58:12,160 INFO o.a.j.t.JMeterThread: Thread is done: Thread Group 1-89
2023-03-09 14:58:12,161 INFO o.a.j.t.JMeterThread: Thread finished: Thread Group 1-89
2023-03-09 14:58:12,487 INFO o.a.j.t.JMeterThread: Thread is done: Thread Group 1-88
2023-03-09 14:58:12,487 INFO o.a.j.t.JMeterThread: Thread is done: Thread Group 1-78
2023-03-09 14:58:12,487 INFO o.a.j.t.JMeterThread: Thread finished: Thread Group 1-78
2023-03-09 14:58:12,487 INFO o.a.j.t.JMeterThread: Thread finished: Thread Group 1-88
2023-03-09 14:58:12,529 INFO o.a.j.t.JMeterThread: Thread is done: Thread Group 1-82
2023-03-09 14:58:12,530 INFO o.a.j.t.JMeterThread: Thread finished: Thread Group 1-82
2023-03-09 14:58:12,718 INFO o.a.j.t.JMeterThread: Thread is done: Thread Group 1-99
2023-03-09 14:58:12,718 INFO o.a.j.t.JMeterThread: Thread finished: Thread Group 1-99
2023-03-09 14:58:12,830 INFO o.a.j.t.JMeterThread: Thread is done: Thread Group 1-100
2023-03-09 14:58:12,830 INFO o.a.j.t.JMeterThread: Thread finished: Thread Group 1-100
2023-03-09 14:58:13,526 INFO o.a.j.t.JMeterThread: Thread is done: Thread Group 1-86
2023-03-09 14:58:13,527 INFO o.a.j.t.JMeterThread: Thread finished: Thread Group 1-86
2023-03-09 14:58:13,854 INFO o.a.j.t.JMeterThread: Thread is done: Thread Group 1-90
2023-03-09 14:58:13,855 INFO o.a.j.t.JMeterThread: Thread finished: Thread Group 1-90
2023-03-09 14:58:13,969 INFO o.a.j.t.JMeterThread: Thread is done: Thread Group 1-98
2023-03-09 14:58:13,969 INFO o.a.j.t.JMeterThread: Thread finished: Thread Group 1-98
2023-03-09 14:58:13,991 INFO o.a.j.t.JMeterThread: Thread is done: Thread Group 1-94
2023-03-09 14:58:13,991 INFO o.a.j.t.JMeterThread: Thread finished: Thread Group 1-94
2023-03-09 14:58:14,306 INFO o.a.j.t.JMeterThread: Thread is done: Thread Group 1-92
2023-03-09 14:58:14,307 INFO o.a.j.t.JMeterThread: Thread finished: Thread Group 1-92
2023-03-09 14:58:15,877 INFO o.a.j.t.JMeterThread: Thread is done: Thread Group 1-96
2023-03-09 14:58:15,877 INFO o.a.j.t.JMeterThread: Thread finished: Thread Group 1-96
2023-03-09 14:58:15,881 INFO o.a.j.e.StandardJMeterEngine: Notifying test listeners of end of test
2023-03-09 14:58:15,884 INFO o.a.j.g.u.JMeterMenuBar: setRunning(false, *local*)
2023-03-09 15:05:50,778 INFO o.a.j.e.StandardJMeterEngine: Running the test!
2023-03-09 15:05:50,786 INFO o.a.j.s.SampleEvent: List of sample_variables: []
2023-03-09 15:05:50,796 INFO c.b.c.RandomCSVReader: Start reading the file: /home/oleksii/Desktop/apache-jmeter-5.5/bin/chairTypes.csv
2023-03-09 15:05:50,799 INFO c.b.c.RandomCSVReader: Reading finished. Found 3 records in your csv file
2023-03-09 15:05:50,801 INFO o.a.j.g.u.JMeterMenuBar: setRunning(true, *local*)
2023-03-09 15:05:51,596 INFO o.a.j.e.StandardJMeterEngine: Starting ThreadGroup: 1 : Thread Group
2023-03-09 15:05:51,597 INFO o.a.j.e.StandardJMeterEngine: Starting 100 threads for group Thread Group.
2023-03-09 15:05:51,597 INFO o.a.j.e.StandardJMeterEngine: Thread will continue on error
2023-03-09 15:05:51,598 INFO o.a.j.t.ThreadGroup: Starting thread group... number=1 threads=100 ramp-up=15 delayedStart=false
2023-03-09 15:05:51,600 INFO o.a.j.t.JMeterThread: Thread started: Thread Group 1-1
2023-03-09 15:05:51,750 INFO o.a.j.t.JMeterThread: Thread started: Thread Group 1-2
2023-03-09 15:05:51,787 INFO o.a.j.t.ThreadGroup: Started thread group number 1
2023-03-09 15:05:51,789 INFO o.a.j.e.StandardJMeterEngine: All thread groups have been started
2023-03-09 15:05:51,901 INFO o.a.j.t.JMeterThread: Thread started: Thread Group 1-3
2023-03-09 15:05:52,051 INFO o.a.j.t.JMeterThread: Thread started: Thread Group 1-4
2023-03-09 15:05:52,200 INFO o.a.j.t.JMeterThread: Thread started: Thread Group 1-5
2023-03-09 15:05:52,350 INFO o.a.j.t.JMeterThread: Thread started: Thread Group 1-6
2023-03-09 15:05:52,500 INFO o.a.j.t.JMeterThread: Thread started: Thread Group 1-7
2023-03-09 15:05:52,650 INFO o.a.j.t.JMeterThread: Thread started: Thread Group 1-8
2023-03-09 15:05:52,800 INFO o.a.j.t.JMeterThread: Thread started: Thread Group 1-9
2023-03-09 15:05:52,950 INFO o.a.j.t.JMeterThread: Thread started: Thread Group 1-10
2023-03-09 15:05:53,100 INFO o.a.j.t.JMeterThread: Thread started: Thread Group 1-11
2023-03-09 15:05:53,250 INFO o.a.j.t.JMeterThread: Thread started: Thread Group 1-12
2023-03-09 15:05:53,401 INFO o.a.j.t.JMeterThread: Thread started: Thread Group 1-13
2023-03-09 15:05:53,551 INFO o.a.j.t.JMeterThread: Thread started: Thread Group 1-14
2023-03-09 15:05:53,700 INFO o.a.j.t.JMeterThread: Thread started: Thread Group 1-15
2023-03-09 15:05:53,850 INFO o.a.j.t.JMeterThread: Thread started: Thread Group 1-16
2023-03-09 15:05:54,000 INFO o.a.j.t.JMeterThread: Thread started: Thread Group 1-17
2023-03-09 15:05:54,150 INFO o.a.j.t.JMeterThread: Thread started: Thread Group 1-18
2023-03-09 15:05:54,300 INFO o.a.j.t.JMeterThread: Thread started: Thread Group 1-19
2023-03-09 15:05:54,450 INFO o.a.j.t.JMeterThread: Thread started: Thread Group 1-20
2023-03-09 15:05:54,601 INFO o.a.j.t.JMeterThread: Thread started: Thread Group 1-21
2023-03-09 15:05:54,751 INFO o.a.j.t.JMeterThread: Thread started: Thread Group 1-22
2023-03-09 15:05:54,902 INFO o.a.j.t.JMeterThread: Thread started: Thread Group 1-23
2023-03-09 15:05:55,051 INFO o.a.j.t.JMeterThread: Thread started: Thread Group 1-24
2023-03-09 15:05:55,200 INFO o.a.j.t.JMeterThread: Thread started: Thread Group 1-25
2023-03-09 15:05:55,349 INFO o.a.j.t.JMeterThread: Thread is done: Thread Group 1-1
2023-03-09 15:05:55,349 INFO o.a.j.t.JMeterThread: Thread finished: Thread Group 1-1
2023-03-09 15:05:55,351 INFO o.a.j.t.JMeterThread: Thread started: Thread Group 1-26
2023-03-09 15:05:55,501 INFO o.a.j.t.JMeterThread: Thread started: Thread Group 1-27
2023-03-09 15:05:55,650 INFO o.a.j.t.JMeterThread: Thread started: Thread Group 1-28
2023-03-09 15:05:55,711 INFO o.a.j.t.JMeterThread: Thread is done: Thread Group 1-3
2023-03-09 15:05:55,712 INFO o.a.j.t.JMeterThread: Thread finished: Thread Group 1-3
2023-03-09 15:05:55,800 INFO o.a.j.t.JMeterThread: Thread started: Thread Group 1-29
2023-03-09 15:05:55,807 INFO o.a.j.t.JMeterThread: Thread is done: Thread Group 1-7
2023-03-09 15:05:55,808 INFO o.a.j.t.JMeterThread: Thread finished: Thread Group 1-7
2023-03-09 15:05:55,950 INFO o.a.j.t.JMeterThread: Thread started: Thread Group 1-30
2023-03-09 15:05:56,024 INFO o.a.j.t.JMeterThread: Thread is done: Thread Group 1-11
2023-03-09 15:05:56,024 INFO o.a.j.t.JMeterThread: Thread finished: Thread Group 1-11
2023-03-09 15:05:56,102 INFO o.a.j.t.JMeterThread: Thread started: Thread Group 1-31
2023-03-09 15:05:56,207 INFO o.a.j.t.JMeterThread: Thread is done: Thread Group 1-5
2023-03-09 15:05:56,207 INFO o.a.j.t.JMeterThread: Thread finished: Thread Group 1-5
2023-03-09 15:05:56,253 INFO o.a.j.t.JMeterThread: Thread started: Thread Group 1-32
2023-03-09 15:05:56,402 INFO o.a.j.t.JMeterThread: Thread started: Thread Group 1-33
2023-03-09 15:05:56,553 INFO o.a.j.t.JMeterThread: Thread started: Thread Group 1-34
2023-03-09 15:05:56,704 INFO o.a.j.t.JMeterThread: Thread started: Thread Group 1-35
2023-03-09 15:05:56,796 INFO o.a.j.t.JMeterThread: Thread is done: Thread Group 1-17
2023-03-09 15:05:56,797 INFO o.a.j.t.JMeterThread: Thread finished: Thread Group 1-17
2023-03-09 15:05:56,853 INFO o.a.j.t.JMeterThread: Thread started: Thread Group 1-36
2023-03-09 15:05:57,001 INFO o.a.j.t.JMeterThread: Thread started: Thread Group 1-37
2023-03-09 15:05:57,039 INFO o.a.j.t.JMeterThread: Thread is done: Thread Group 1-15
2023-03-09 15:05:57,039 INFO o.a.j.t.JMeterThread: Thread finished: Thread Group 1-15
2023-03-09 15:05:57,153 INFO o.a.j.t.JMeterThread: Thread started: Thread Group 1-38
2023-03-09 15:05:57,212 INFO o.a.j.t.JMeterThread: Thread is done: Thread Group 1-21
2023-03-09 15:05:57,212 INFO o.a.j.t.JMeterThread: Thread finished: Thread Group 1-21
2023-03-09 15:05:57,303 INFO o.a.j.t.JMeterThread: Thread started: Thread Group 1-39
2023-03-09 15:05:57,352 INFO o.a.j.t.JMeterThread: Thread is done: Thread Group 1-9
2023-03-09 15:05:57,352 INFO o.a.j.t.JMeterThread: Thread finished: Thread Group 1-9
2023-03-09 15:05:57,451 INFO o.a.j.t.JMeterThread: Thread started: Thread Group 1-40
2023-03-09 15:05:57,470 INFO o.a.j.t.JMeterThread: Thread is done: Thread Group 1-23
2023-03-09 15:05:57,470 INFO o.a.j.t.JMeterThread: Thread finished: Thread Group 1-23
2023-03-09 15:05:57,566 INFO o.a.j.t.JMeterThread: Thread is done: Thread Group 1-13
2023-03-09 15:05:57,567 INFO o.a.j.t.JMeterThread: Thread finished: Thread Group 1-13
2023-03-09 15:05:57,592 INFO o.a.j.t.JMeterThread: Thread is done: Thread Group 1-4
2023-03-09 15:05:57,592 INFO o.a.j.t.JMeterThread: Thread finished: Thread Group 1-4
2023-03-09 15:05:57,601 INFO o.a.j.t.JMeterThread: Thread started: Thread Group 1-41
2023-03-09 15:05:57,752 INFO o.a.j.t.JMeterThread: Thread started: Thread Group 1-42
2023-03-09 15:05:57,902 INFO o.a.j.t.JMeterThread: Thread started: Thread Group 1-43
2023-03-09 15:05:58,005 INFO o.a.j.t.JMeterThread: Thread is done: Thread Group 1-10
2023-03-09 15:05:58,006 INFO o.a.j.t.JMeterThread: Thread finished: Thread Group 1-10
2023-03-09 15:05:58,036 INFO o.a.j.t.JMeterThread: Thread is done: Thread Group 1-8
2023-03-09 15:05:58,037 INFO o.a.j.t.JMeterThread: Thread finished: Thread Group 1-8
2023-03-09 15:05:58,050 INFO o.a.j.t.JMeterThread: Thread started: Thread Group 1-44
2023-03-09 15:05:58,202 INFO o.a.j.t.JMeterThread: Thread started: Thread Group 1-45
2023-03-09 15:05:58,351 INFO o.a.j.t.JMeterThread: Thread started: Thread Group 1-46
2023-03-09 15:05:58,500 INFO o.a.j.t.JMeterThread: Thread started: Thread Group 1-47
2023-03-09 15:05:58,632 INFO o.a.j.t.JMeterThread: Thread is done: Thread Group 1-2
2023-03-09 15:05:58,632 INFO o.a.j.t.JMeterThread: Thread finished: Thread Group 1-2
2023-03-09 15:05:58,652 INFO o.a.j.t.JMeterThread: Thread started: Thread Group 1-48
2023-03-09 15:05:58,665 INFO o.a.j.t.JMeterThread: Thread is done: Thread Group 1-6
2023-03-09 15:05:58,666 INFO o.a.j.t.JMeterThread: Thread finished: Thread Group 1-6
2023-03-09 15:05:58,801 INFO o.a.j.t.JMeterThread: Thread started: Thread Group 1-49
2023-03-09 15:05:58,929 INFO o.a.j.t.JMeterThread: Thread is done: Thread Group 1-25
2023-03-09 15:05:58,929 INFO o.a.j.t.JMeterThread: Thread finished: Thread Group 1-25
2023-03-09 15:05:58,952 INFO o.a.j.t.JMeterThread: Thread started: Thread Group 1-50
2023-03-09 15:05:59,037 INFO o.a.j.t.JMeterThread: Thread is done: Thread Group 1-14
2023-03-09 15:05:59,037 INFO o.a.j.t.JMeterThread: Thread finished: Thread Group 1-14
2023-03-09 15:05:59,102 INFO o.a.j.t.JMeterThread: Thread started: Thread Group 1-51
2023-03-09 15:05:59,190 INFO o.a.j.t.JMeterThread: Thread is done: Thread Group 1-35
2023-03-09 15:05:59,190 INFO o.a.j.t.JMeterThread: Thread finished: Thread Group 1-35
2023-03-09 15:05:59,218 INFO o.a.j.t.JMeterThread: Thread is done: Thread Group 1-12
2023-03-09 15:05:59,218 INFO o.a.j.t.JMeterThread: Thread finished: Thread Group 1-12
2023-03-09 15:05:59,226 INFO o.a.j.t.JMeterThread: Thread is done: Thread Group 1-33
2023-03-09 15:05:59,227 INFO o.a.j.t.JMeterThread: Thread finished: Thread Group 1-33
2023-03-09 15:05:59,251 INFO o.a.j.t.JMeterThread: Thread started: Thread Group 1-52
2023-03-09 15:05:59,362 INFO o.a.j.t.JMeterThread: Thread is done: Thread Group 1-19
2023-03-09 15:05:59,363 INFO o.a.j.t.JMeterThread: Thread finished: Thread Group 1-19
2023-03-09 15:05:59,402 INFO o.a.j.t.JMeterThread: Thread started: Thread Group 1-53
2023-03-09 15:05:59,503 INFO o.a.j.t.JMeterThread: Thread is done: Thread Group 1-18
2023-03-09 15:05:59,503 INFO o.a.j.t.JMeterThread: Thread finished: Thread Group 1-18
2023-03-09 15:05:59,554 INFO o.a.j.t.JMeterThread: Thread started: Thread Group 1-54
2023-03-09 15:05:59,702 INFO o.a.j.t.JMeterThread: Thread started: Thread Group 1-55
2023-03-09 15:05:59,852 INFO o.a.j.t.JMeterThread: Thread started: Thread Group 1-56
2023-03-09 15:06:00,001 INFO o.a.j.t.JMeterThread: Thread started: Thread Group 1-57
2023-03-09 15:06:00,124 INFO o.a.j.t.JMeterThread: Thread is done: Thread Group 1-22
2023-03-09 15:06:00,124 INFO o.a.j.t.JMeterThread: Thread finished: Thread Group 1-22
2023-03-09 15:06:00,151 INFO o.a.j.t.JMeterThread: Thread started: Thread Group 1-58
2023-03-09 15:06:00,254 INFO o.a.j.t.JMeterThread: Thread is done: Thread Group 1-31
2023-03-09 15:06:00,254 INFO o.a.j.t.JMeterThread: Thread finished: Thread Group 1-31
2023-03-09 15:06:00,302 INFO o.a.j.t.JMeterThread: Thread started: Thread Group 1-59
2023-03-09 15:06:00,426 INFO o.a.j.t.JMeterThread: Thread is done: Thread Group 1-20
2023-03-09 15:06:00,426 INFO o.a.j.t.JMeterThread: Thread finished: Thread Group 1-20
2023-03-09 15:06:00,452 INFO o.a.j.t.JMeterThread: Thread started: Thread Group 1-60
2023-03-09 15:06:00,554 INFO o.a.j.t.JMeterThread: Thread is done: Thread Group 1-29
2023-03-09 15:06:00,554 INFO o.a.j.t.JMeterThread: Thread finished: Thread Group 1-29
2023-03-09 15:06:00,603 INFO o.a.j.t.JMeterThread: Thread started: Thread Group 1-61
2023-03-09 15:06:00,699 INFO o.a.j.t.JMeterThread: Thread is done: Thread Group 1-16
2023-03-09 15:06:00,700 INFO o.a.j.t.JMeterThread: Thread finished: Thread Group 1-16
2023-03-09 15:06:00,753 INFO o.a.j.t.JMeterThread: Thread started: Thread Group 1-62
2023-03-09 15:06:00,901 INFO o.a.j.t.JMeterThread: Thread started: Thread Group 1-63
2023-03-09 15:06:00,957 INFO o.a.j.t.JMeterThread: Thread is done: Thread Group 1-24
2023-03-09 15:06:00,958 INFO o.a.j.t.JMeterThread: Thread finished: Thread Group 1-24
2023-03-09 15:06:01,020 INFO o.a.j.t.JMeterThread: Thread is done: Thread Group 1-39
2023-03-09 15:06:01,020 INFO o.a.j.t.JMeterThread: Thread finished: Thread Group 1-39
2023-03-09 15:06:01,053 INFO o.a.j.t.JMeterThread: Thread started: Thread Group 1-64
2023-03-09 15:06:01,132 INFO o.a.j.t.JMeterThread: Thread is done: Thread Group 1-27
2023-03-09 15:06:01,133 INFO o.a.j.t.JMeterThread: Thread finished: Thread Group 1-27
2023-03-09 15:06:01,188 INFO o.a.j.t.JMeterThread: Thread is done: Thread Group 1-43
2023-03-09 15:06:01,188 INFO o.a.j.t.JMeterThread: Thread finished: Thread Group 1-43
2023-03-09 15:06:01,203 INFO o.a.j.t.JMeterThread: Thread started: Thread Group 1-65
2023-03-09 15:06:01,351 INFO o.a.j.t.JMeterThread: Thread started: Thread Group 1-66
2023-03-09 15:06:01,503 INFO o.a.j.t.JMeterThread: Thread started: Thread Group 1-67
2023-03-09 15:06:01,633 INFO o.a.j.t.JMeterThread: Thread is done: Thread Group 1-47
2023-03-09 15:06:01,634 INFO o.a.j.t.JMeterThread: Thread finished: Thread Group 1-47
2023-03-09 15:06:01,653 INFO o.a.j.t.JMeterThread: Thread started: Thread Group 1-68
2023-03-09 15:06:01,801 INFO o.a.j.t.JMeterThread: Thread started: Thread Group 1-69
2023-03-09 15:06:01,952 INFO o.a.j.t.JMeterThread: Thread started: Thread Group 1-70
2023-03-09 15:06:01,999 INFO o.a.j.t.JMeterThread: Thread is done: Thread Group 1-37
2023-03-09 15:06:01,999 INFO o.a.j.t.JMeterThread: Thread finished: Thread Group 1-37
2023-03-09 15:06:02,102 INFO o.a.j.t.JMeterThread: Thread started: Thread Group 1-71
2023-03-09 15:06:02,145 INFO o.a.j.t.JMeterThread: Thread is done: Thread Group 1-41
2023-03-09 15:06:02,145 INFO o.a.j.t.JMeterThread: Thread finished: Thread Group 1-41
2023-03-09 15:06:02,163 INFO o.a.j.t.JMeterThread: Thread is done: Thread Group 1-28
2023-03-09 15:06:02,163 INFO o.a.j.t.JMeterThread: Thread finished: Thread Group 1-28
2023-03-09 15:06:02,254 INFO o.a.j.t.JMeterThread: Thread started: Thread Group 1-72
2023-03-09 15:06:02,404 INFO o.a.j.t.JMeterThread: Thread started: Thread Group 1-73
2023-03-09 15:06:02,554 INFO o.a.j.t.JMeterThread: Thread started: Thread Group 1-74
2023-03-09 15:06:02,561 INFO o.a.j.t.JMeterThread: Thread is done: Thread Group 1-45
2023-03-09 15:06:02,561 INFO o.a.j.t.JMeterThread: Thread finished: Thread Group 1-45
2023-03-09 15:06:02,702 INFO o.a.j.t.JMeterThread: Thread started: Thread Group 1-75
2023-03-09 15:06:02,853 INFO o.a.j.t.JMeterThread: Thread started: Thread Group 1-76
2023-03-09 15:06:03,002 INFO o.a.j.t.JMeterThread: Thread started: Thread Group 1-77
2023-03-09 15:06:03,064 INFO o.a.j.t.JMeterThread: Thread is done: Thread Group 1-34
2023-03-09 15:06:03,064 INFO o.a.j.t.JMeterThread: Thread finished: Thread Group 1-34
2023-03-09 15:06:03,151 INFO o.a.j.t.JMeterThread: Thread started: Thread Group 1-78
2023-03-09 15:06:03,240 INFO o.a.j.t.JMeterThread: Thread is done: Thread Group 1-55
2023-03-09 15:06:03,240 INFO o.a.j.t.JMeterThread: Thread finished: Thread Group 1-55
2023-03-09 15:06:03,279 INFO o.a.j.t.JMeterThread: Thread is done: Thread Group 1-30
2023-03-09 15:06:03,279 INFO o.a.j.t.JMeterThread: Thread finished: Thread Group 1-30
2023-03-09 15:06:03,303 INFO o.a.j.t.JMeterThread: Thread started: Thread Group 1-79
2023-03-09 15:06:03,428 INFO o.a.j.t.JMeterThread: Thread is done: Thread Group 1-44
2023-03-09 15:06:03,428 INFO o.a.j.t.JMeterThread: Thread finished: Thread Group 1-44
2023-03-09 15:06:03,451 INFO o.a.j.t.JMeterThread: Thread is done: Thread Group 1-49
2023-03-09 15:06:03,451 INFO o.a.j.t.JMeterThread: Thread started: Thread Group 1-80
2023-03-09 15:06:03,451 INFO o.a.j.t.JMeterThread: Thread finished: Thread Group 1-49
2023-03-09 15:06:03,516 INFO o.a.j.t.JMeterThread: Thread is done: Thread Group 1-65
2023-03-09 15:06:03,516 INFO o.a.j.t.JMeterThread: Thread finished: Thread Group 1-65
2023-03-09 15:06:03,603 INFO o.a.j.t.JMeterThread: Thread started: Thread Group 1-81
2023-03-09 15:06:03,737 INFO o.a.j.t.JMeterThread: Thread is done: Thread Group 1-51
2023-03-09 15:06:03,737 INFO o.a.j.t.JMeterThread: Thread is done: Thread Group 1-53
2023-03-09 15:06:03,737 INFO o.a.j.t.JMeterThread: Thread finished: Thread Group 1-53
2023-03-09 15:06:03,737 INFO o.a.j.t.JMeterThread: Thread finished: Thread Group 1-51
2023-03-09 15:06:03,755 INFO o.a.j.t.JMeterThread: Thread started: Thread Group 1-82
2023-03-09 15:06:03,841 INFO o.a.j.t.JMeterThread: Thread is done: Thread Group 1-57
2023-03-09 15:06:03,842 INFO o.a.j.t.JMeterThread: Thread finished: Thread Group 1-57
2023-03-09 15:06:03,856 INFO o.a.j.t.JMeterThread: Thread is done: Thread Group 1-26
2023-03-09 15:06:03,856 INFO o.a.j.t.JMeterThread: Thread finished: Thread Group 1-26
2023-03-09 15:06:03,901 INFO o.a.j.t.JMeterThread: Thread started: Thread Group 1-83
2023-03-09 15:06:04,053 INFO o.a.j.t.JMeterThread: Thread started: Thread Group 1-84
2023-03-09 15:06:04,179 INFO o.a.j.t.JMeterThread: Thread is done: Thread Group 1-38
2023-03-09 15:06:04,179 INFO o.a.j.t.JMeterThread: Thread finished: Thread Group 1-38
2023-03-09 15:06:04,237 INFO o.a.j.t.JMeterThread: Thread started: Thread Group 1-85
2023-03-09 15:06:04,292 INFO o.a.j.t.JMeterThread: Thread is done: Thread Group 1-32
2023-03-09 15:06:04,293 INFO o.a.j.t.JMeterThread: Thread finished: Thread Group 1-32
2023-03-09 15:06:04,353 INFO o.a.j.t.JMeterThread: Thread started: Thread Group 1-86
2023-03-09 15:06:04,383 INFO o.a.j.t.JMeterThread: Thread is done: Thread Group 1-67
2023-03-09 15:06:04,384 INFO o.a.j.t.JMeterThread: Thread finished: Thread Group 1-67
2023-03-09 15:06:04,413 INFO o.a.j.t.JMeterThread: Thread is done: Thread Group 1-40
2023-03-09 15:06:04,413 INFO o.a.j.t.JMeterThread: Thread finished: Thread Group 1-40
2023-03-09 15:06:04,502 INFO o.a.j.t.JMeterThread: Thread started: Thread Group 1-87
2023-03-09 15:06:04,563 INFO o.a.j.t.JMeterThread: Thread is done: Thread Group 1-46
2023-03-09 15:06:04,564 INFO o.a.j.t.JMeterThread: Thread finished: Thread Group 1-46
2023-03-09 15:06:04,616 INFO o.a.j.t.JMeterThread: Thread is done: Thread Group 1-48
2023-03-09 15:06:04,617 INFO o.a.j.t.JMeterThread: Thread finished: Thread Group 1-48
2023-03-09 15:06:04,652 INFO o.a.j.t.JMeterThread: Thread started: Thread Group 1-88
2023-03-09 15:06:04,765 INFO o.a.j.t.JMeterThread: Thread is done: Thread Group 1-59
2023-03-09 15:06:04,765 INFO o.a.j.t.JMeterThread: Thread finished: Thread Group 1-59
2023-03-09 15:06:04,803 INFO o.a.j.t.JMeterThread: Thread started: Thread Group 1-89
2023-03-09 15:06:04,950 INFO o.a.j.t.JMeterThread: Thread started: Thread Group 1-90
2023-03-09 15:06:04,999 INFO o.a.j.t.JMeterThread: Thread is done: Thread Group 1-36
2023-03-09 15:06:05,000 INFO o.a.j.t.JMeterThread: Thread finished: Thread Group 1-36
2023-03-09 15:06:05,081 INFO o.a.j.t.JMeterThread: Thread is done: Thread Group 1-42
2023-03-09 15:06:05,082 INFO o.a.j.t.JMeterThread: Thread finished: Thread Group 1-42
2023-03-09 15:06:05,100 INFO o.a.j.t.JMeterThread: Thread started: Thread Group 1-91
2023-03-09 15:06:05,249 INFO o.a.j.t.JMeterThread: Thread started: Thread Group 1-92
2023-03-09 15:06:05,404 INFO o.a.j.t.JMeterThread: Thread started: Thread Group 1-93
2023-03-09 15:06:05,476 INFO o.a.j.t.JMeterThread: Thread is done: Thread Group 1-63
2023-03-09 15:06:05,477 INFO o.a.j.t.JMeterThread: Thread finished: Thread Group 1-63
2023-03-09 15:06:05,552 INFO o.a.j.t.JMeterThread: Thread started: Thread Group 1-94
2023-03-09 15:06:05,561 INFO o.a.j.t.JMeterThread: Thread is done: Thread Group 1-61
2023-03-09 15:06:05,561 INFO o.a.j.t.JMeterThread: Thread finished: Thread Group 1-61
2023-03-09 15:06:05,669 INFO o.a.j.t.JMeterThread: Thread is done: Thread Group 1-75
2023-03-09 15:06:05,669 INFO o.a.j.t.JMeterThread: Thread finished: Thread Group 1-75
2023-03-09 15:06:05,703 INFO o.a.j.t.JMeterThread: Thread started: Thread Group 1-95
2023-03-09 15:06:05,851 INFO o.a.j.t.JMeterThread: Thread started: Thread Group 1-96
2023-03-09 15:06:05,884 INFO o.a.j.t.JMeterThread: Thread is done: Thread Group 1-50
2023-03-09 15:06:05,884 INFO o.a.j.t.JMeterThread: Thread finished: Thread Group 1-50
2023-03-09 15:06:06,001 INFO o.a.j.t.JMeterThread: Thread started: Thread Group 1-97
2023-03-09 15:06:06,152 INFO o.a.j.t.JMeterThread: Thread started: Thread Group 1-98
2023-03-09 15:06:06,301 INFO o.a.j.t.JMeterThread: Thread started: Thread Group 1-99
2023-03-09 15:06:06,345 INFO o.a.j.t.JMeterThread: Thread is done: Thread Group 1-73
2023-03-09 15:06:06,345 INFO o.a.j.t.JMeterThread: Thread finished: Thread Group 1-73
2023-03-09 15:06:06,371 INFO o.a.j.t.JMeterThread: Thread is done: Thread Group 1-71
2023-03-09 15:06:06,371 INFO o.a.j.t.JMeterThread: Thread finished: Thread Group 1-71
2023-03-09 15:06:06,445 INFO o.a.j.t.JMeterThread: Thread is done: Thread Group 1-56
2023-03-09 15:06:06,445 INFO o.a.j.t.JMeterThread: Thread finished: Thread Group 1-56
2023-03-09 15:06:06,451 INFO o.a.j.t.JMeterThread: Thread started: Thread Group 1-100
2023-03-09 15:06:06,669 INFO o.a.j.t.JMeterThread: Thread is done: Thread Group 1-54
2023-03-09 15:06:06,669 INFO o.a.j.t.JMeterThread: Thread finished: Thread Group 1-54
2023-03-09 15:06:06,681 INFO o.a.j.t.JMeterThread: Thread is done: Thread Group 1-58
2023-03-09 15:06:06,681 INFO o.a.j.t.JMeterThread: Thread finished: Thread Group 1-58
2023-03-09 15:06:06,830 INFO o.a.j.t.JMeterThread: Thread is done: Thread Group 1-64
2023-03-09 15:06:06,831 INFO o.a.j.t.JMeterThread: Thread finished: Thread Group 1-64
2023-03-09 15:06:06,899 INFO o.a.j.t.JMeterThread: Thread is done: Thread Group 1-69
2023-03-09 15:06:06,899 INFO o.a.j.t.JMeterThread: Thread finished: Thread Group 1-69
2023-03-09 15:06:07,206 INFO o.a.j.t.JMeterThread: Thread is done: Thread Group 1-77
2023-03-09 15:06:07,207 INFO o.a.j.t.JMeterThread: Thread finished: Thread Group 1-77
2023-03-09 15:06:07,207 INFO o.a.j.t.JMeterThread: Thread is done: Thread Group 1-60
2023-03-09 15:06:07,207 INFO o.a.j.t.JMeterThread: Thread finished: Thread Group 1-60
2023-03-09 15:06:07,241 INFO o.a.j.t.JMeterThread: Thread is done: Thread Group 1-81
2023-03-09 15:06:07,241 INFO o.a.j.t.JMeterThread: Thread finished: Thread Group 1-81
2023-03-09 15:06:07,281 INFO o.a.j.t.JMeterThread: Thread is done: Thread Group 1-79
2023-03-09 15:06:07,281 INFO o.a.j.t.JMeterThread: Thread finished: Thread Group 1-79
2023-03-09 15:06:08,167 INFO o.a.j.t.JMeterThread: Thread is done: Thread Group 1-52
2023-03-09 15:06:08,167 INFO o.a.j.t.JMeterThread: Thread finished: Thread Group 1-52
2023-03-09 15:06:08,325 INFO o.a.j.t.JMeterThread: Thread is done: Thread Group 1-66
2023-03-09 15:06:08,325 INFO o.a.j.t.JMeterThread: Thread finished: Thread Group 1-66
2023-03-09 15:06:08,344 INFO o.a.j.t.JMeterThread: Thread is done: Thread Group 1-85
2023-03-09 15:06:08,344 INFO o.a.j.t.JMeterThread: Thread finished: Thread Group 1-85
2023-03-09 15:06:08,653 INFO o.a.j.t.JMeterThread: Thread is done: Thread Group 1-74
2023-03-09 15:06:08,653 INFO o.a.j.t.JMeterThread: Thread finished: Thread Group 1-74
2023-03-09 15:06:08,722 INFO o.a.j.t.JMeterThread: Thread is done: Thread Group 1-91
2023-03-09 15:06:08,722 INFO o.a.j.t.JMeterThread: Thread finished: Thread Group 1-91
2023-03-09 15:06:08,767 INFO o.a.j.t.JMeterThread: Thread is done: Thread Group 1-83
2023-03-09 15:06:08,768 INFO o.a.j.t.JMeterThread: Thread finished: Thread Group 1-83
2023-03-09 15:06:09,003 INFO o.a.j.t.JMeterThread: Thread is done: Thread Group 1-95
2023-03-09 15:06:09,003 INFO o.a.j.t.JMeterThread: Thread finished: Thread Group 1-95
2023-03-09 15:06:09,028 INFO o.a.j.t.JMeterThread: Thread is done: Thread Group 1-68
2023-03-09 15:06:09,028 INFO o.a.j.t.JMeterThread: Thread finished: Thread Group 1-68
2023-03-09 15:06:09,130 INFO o.a.j.t.JMeterThread: Thread is done: Thread Group 1-87
2023-03-09 15:06:09,130 INFO o.a.j.t.JMeterThread: Thread finished: Thread Group 1-87
2023-03-09 15:06:09,409 INFO o.a.j.t.JMeterThread: Thread is done: Thread Group 1-62
2023-03-09 15:06:09,409 INFO o.a.j.t.JMeterThread: Thread finished: Thread Group 1-62
2023-03-09 15:06:09,641 INFO o.a.j.t.JMeterThread: Thread is done: Thread Group 1-70
2023-03-09 15:06:09,641 INFO o.a.j.t.JMeterThread: Thread finished: Thread Group 1-70
2023-03-09 15:06:09,749 INFO o.a.j.t.JMeterThread: Thread is done: Thread Group 1-97
2023-03-09 15:06:09,750 INFO o.a.j.t.JMeterThread: Thread finished: Thread Group 1-97
2023-03-09 15:06:09,758 INFO o.a.j.t.JMeterThread: Thread is done: Thread Group 1-89
2023-03-09 15:06:09,758 INFO o.a.j.t.JMeterThread: Thread finished: Thread Group 1-89
2023-03-09 15:06:10,594 INFO o.a.j.t.JMeterThread: Thread is done: Thread Group 1-72
2023-03-09 15:06:10,594 INFO o.a.j.t.JMeterThread: Thread finished: Thread Group 1-72
2023-03-09 15:06:10,781 INFO o.a.j.t.JMeterThread: Thread is done: Thread Group 1-93
2023-03-09 15:06:10,781 INFO o.a.j.t.JMeterThread: Thread finished: Thread Group 1-93
2023-03-09 15:06:10,901 INFO o.a.j.t.JMeterThread: Thread is done: Thread Group 1-80
2023-03-09 15:06:10,901 INFO o.a.j.t.JMeterThread: Thread finished: Thread Group 1-80
2023-03-09 15:06:10,951 INFO o.a.j.t.JMeterThread: Thread is done: Thread Group 1-84
2023-03-09 15:06:10,951 INFO o.a.j.t.JMeterThread: Thread finished: Thread Group 1-84
2023-03-09 15:06:10,992 INFO o.a.j.t.JMeterThread: Thread is done: Thread Group 1-78
2023-03-09 15:06:10,992 INFO o.a.j.t.JMeterThread: Thread finished: Thread Group 1-78
2023-03-09 15:06:11,283 INFO o.a.j.t.JMeterThread: Thread is done: Thread Group 1-94
2023-03-09 15:06:11,283 INFO o.a.j.t.JMeterThread: Thread finished: Thread Group 1-94
2023-03-09 15:06:11,314 INFO o.a.j.t.JMeterThread: Thread is done: Thread Group 1-88
2023-03-09 15:06:11,314 INFO o.a.j.t.JMeterThread: Thread finished: Thread Group 1-88
2023-03-09 15:06:11,365 INFO o.a.j.t.JMeterThread: Thread is done: Thread Group 1-100
2023-03-09 15:06:11,365 INFO o.a.j.t.JMeterThread: Thread finished: Thread Group 1-100
2023-03-09 15:06:11,387 INFO o.a.j.t.JMeterThread: Thread is done: Thread Group 1-90
2023-03-09 15:06:11,387 INFO o.a.j.t.JMeterThread: Thread finished: Thread Group 1-90
2023-03-09 15:06:11,801 INFO o.a.j.t.JMeterThread: Thread is done: Thread Group 1-96
2023-03-09 15:06:11,802 INFO o.a.j.t.JMeterThread: Thread finished: Thread Group 1-96
2023-03-09 15:06:11,828 INFO o.a.j.t.JMeterThread: Thread is done: Thread Group 1-99
2023-03-09 15:06:11,828 INFO o.a.j.t.JMeterThread: Thread finished: Thread Group 1-99
2023-03-09 15:06:12,004 INFO o.a.j.t.JMeterThread: Thread is done: Thread Group 1-86
2023-03-09 15:06:12,004 INFO o.a.j.t.JMeterThread: Thread finished: Thread Group 1-86
2023-03-09 15:06:12,054 INFO o.a.j.t.JMeterThread: Thread is done: Thread Group 1-82
2023-03-09 15:06:12,054 INFO o.a.j.t.JMeterThread: Thread finished: Thread Group 1-82
2023-03-09 15:06:12,121 INFO o.a.j.t.JMeterThread: Thread is done: Thread Group 1-76
2023-03-09 15:06:12,122 INFO o.a.j.t.JMeterThread: Thread finished: Thread Group 1-76
2023-03-09 15:06:12,339 INFO o.a.j.t.JMeterThread: Thread is done: Thread Group 1-98
2023-03-09 15:06:12,339 INFO o.a.j.t.JMeterThread: Thread finished: Thread Group 1-98
2023-03-09 15:06:12,393 INFO o.a.j.t.JMeterThread: Thread is done: Thread Group 1-92
2023-03-09 15:06:12,394 INFO o.a.j.t.JMeterThread: Thread finished: Thread Group 1-92
2023-03-09 15:06:12,394 INFO o.a.j.e.StandardJMeterEngine: Notifying test listeners of end of test
2023-03-09 15:06:12,395 INFO o.a.j.g.u.JMeterMenuBar: setRunning(false, *local*)
